0 info it worked if it ends with ok
1 verbose cli [ 'C:\\Program Files\\nodejs\\node.exe',
1 verbose cli   'C:\\Program Files\\nodejs\\node_modules\\npm\\bin\\npm-cli.js',
1 verbose cli   'run',
1 verbose cli   'build' ]
2 info using npm@3.10.10
3 info using node@v6.10.0
4 verbose run-script [ 'prebuild', 'build', 'postbuild' ]
5 info lifecycle lab-isak@1.0.0~prebuild: lab-isak@1.0.0
6 silly lifecycle lab-isak@1.0.0~prebuild: no script for prebuild, continuing
7 info lifecycle lab-isak@1.0.0~build: lab-isak@1.0.0
8 verbose lifecycle lab-isak@1.0.0~build: unsafe-perm in lifecycle true
9 verbose lifecycle lab-isak@1.0.0~build: PATH: C:\Program Files\nodejs\node_modules\npm\bin\node-gyp-bin;C:\Users\Isak Swearingen\CodeFellows\401\lab_isak\21-angular-webpack\node_modules\.bin;C:\Users\Isak Swearingen\bin;C:\Program Files\Git\mingw64\bin;C:\Program Files\Git\usr\local\bin;C:\Program Files\Git\usr\bin;C:\Program Files\Git\usr\bin;C:\Program Files\Git\mingw64\bin;C:\Program Files\Git\usr\bin;C:\Users\Isak Swearingen\bin;C:\WINDOWS\system32;C:\WINDOWS;C:\WINDOWS\System32\Wbem;C:\WINDOWS\System32\WindowsPowerShell\v1.0;C:\Program Files\Intel\WiFi\bin;C:\Program Files\Common Files\Intel\WirelessCommon;C:\Program Files\nodejs;C:\Program Files\Git\cmd;C:\Program Files\PuTTY;C:\Users\Isak Swearingen\AppData\Local\atom\bin;C:\Users\Isak Swearingen\AppData\Local\Microsoft\WindowsApps;C:\Users\Isak Swearingen\AppData\Roaming\npm;C:\Program Files\Heroku\bin;C:\Program Files\MongoDB\Server\3.4\bin;C:\Program Files\Git\usr\bin\vendor_perl;C:\Program Files\Git\usr\bin\core_perl
10 verbose lifecycle lab-isak@1.0.0~build: CWD: C:\Users\Isak Swearingen\CodeFellows\401\lab_isak\21-angular-webpack
11 silly lifecycle lab-isak@1.0.0~build: Args: [ '/d /s /c', 'node_modules/webpack/bin/webpack.js' ]
12 silly lifecycle lab-isak@1.0.0~build: Returned: code: 1  signal: null
13 info lifecycle lab-isak@1.0.0~build: Failed to exec build script
14 verbose stack Error: lab-isak@1.0.0 build: `node_modules/webpack/bin/webpack.js`
14 verbose stack Exit status 1
14 verbose stack     at EventEmitter.<anonymous> (C:\Program Files\nodejs\node_modules\npm\lib\utils\lifecycle.js:255:16)
14 verbose stack     at emitTwo (events.js:106:13)
14 verbose stack     at EventEmitter.emit (events.js:191:7)
14 verbose stack     at ChildProcess.<anonymous> (C:\Program Files\nodejs\node_modules\npm\lib\utils\spawn.js:40:14)
14 verbose stack     at emitTwo (events.js:106:13)
14 verbose stack     at ChildProcess.emit (events.js:191:7)
14 verbose stack     at maybeClose (internal/child_process.js:877:16)
14 verbose stack     at Process.ChildProcess._handle.onexit (internal/child_process.js:226:5)
15 verbose pkgid lab-isak@1.0.0
16 verbose cwd C:\Users\Isak Swearingen\CodeFellows\401\lab_isak\21-angular-webpack
17 error Windows_NT 10.0.14393
18 error argv "C:\\Program Files\\nodejs\\node.exe" "C:\\Program Files\\nodejs\\node_modules\\npm\\bin\\npm-cli.js" "run" "build"
19 error node v6.10.0
20 error npm  v3.10.10
21 error code ELIFECYCLE
22 error lab-isak@1.0.0 build: `node_modules/webpack/bin/webpack.js`
22 error Exit status 1
23 error Failed at the lab-isak@1.0.0 build script 'node_modules/webpack/bin/webpack.js'.
23 error Make sure you have the latest version of node.js and npm installed.
23 error If you do, this is most likely a problem with the lab-isak package,
23 error not with npm itself.
23 error Tell the author that this fails on your system:
23 error     node_modules/webpack/bin/webpack.js
23 error You can get information on how to open an issue for this project with:
23 error     npm bugs lab-isak
23 error Or if that isn't available, you can get their info via:
23 error     npm owner ls lab-isak
23 error There is likely additional logging output above.
24 verbose exit [ 1, true ]
